22.03.2022 14:08:54 [main] INFO  by.belstu.budanowa.broadcastprogram.BroadcastProgram  - Adding elements
22.03.2022 14:08:54 [main] INFO  by.belstu.budanowa.broadcastprogram.BroadcastProgram  - Adding elements
22.03.2022 14:08:54 [main] INFO  by.belstu.budanowa.broadcastprogram.BroadcastProgram  - Adding elements
22.03.2022 14:11:08 [main] INFO  by.belstu.budanowa.broadcastprogram.BroadcastProgram  - Adding elements
22.03.2022 14:11:08 [main] INFO  by.belstu.budanowa.broadcastprogram.BroadcastProgram  - Adding elements
22.03.2022 14:11:08 [main] INFO  by.belstu.budanowa.broadcastprogram.BroadcastProgram  - Adding elements
22.03.2022 14:13:10 [main] INFO  by.belstu.budanowa.broadcastprogram.BroadcastProgram  - Adding elements
22.03.2022 14:13:10 [main] INFO  by.belstu.budanowa.broadcastprogram.BroadcastProgram  - Adding elements
22.03.2022 14:13:10 [main] INFO  by.belstu.budanowa.broadcastprogram.BroadcastProgram  - Adding elements
2022-03-22 16:34:16 INFO  BroadcastProgram:20 - Adding elements
2022-03-22 16:34:16 INFO  BroadcastProgram:20 - Adding elements
2022-03-22 16:34:16 INFO  BroadcastProgram:20 - Adding elements
2022-03-22 16:54:58 INFO  BroadcastProgram:20 - Adding elements
2022-03-22 16:54:58 INFO  BroadcastProgram:20 - Adding elements
2022-03-22 16:54:58 INFO  BroadcastProgram:20 - Adding elements
2022-03-29 16:30:52 INFO  BroadcastProgram:20 - Adding elements
2022-03-29 16:30:52 INFO  BroadcastProgram:20 - Adding elements
2022-03-29 16:30:52 INFO  BroadcastProgram:20 - Adding elements
2022-03-29 16:41:53 INFO  BroadcastProgram:20 - Adding elements
2022-03-29 16:41:53 INFO  BroadcastProgram:20 - Adding elements
2022-03-29 16:41:53 INFO  BroadcastProgram:20 - Adding elements
2022-03-29 16:42:55 INFO  BroadcastProgram:20 - Adding elements
2022-03-29 16:42:55 INFO  BroadcastProgram:20 - Adding elements
2022-03-29 16:42:55 INFO  BroadcastProgram:20 - Adding elements
2022-03-29 16:48:08 INFO  Main:44 - Validate xml document
2022-03-29 16:48:08 INFO  BroadcastProgram:20 - Adding elements
2022-03-29 16:48:08 INFO  BroadcastProgram:20 - Adding elements
2022-03-29 16:48:08 INFO  BroadcastProgram:20 - Adding elements
2022-03-29 16:49:12 INFO  Main:44 - Validate xml document
2022-03-29 17:00:45 INFO  BroadcastProgram:20 - Adding elements
2022-03-29 17:00:45 INFO  BroadcastProgram:20 - Adding elements
2022-03-29 17:00:45 INFO  BroadcastProgram:20 - Adding elements
2022-03-29 17:00:45 INFO  BroadcastProgram:20 - Adding elements
2022-03-29 17:08:27 INFO  BroadcastProgram:20 - Adding elements
2022-03-29 17:08:27 INFO  BroadcastProgram:20 - Adding elements
2022-03-29 17:08:27 INFO  BroadcastProgram:20 - Adding elements
2022-03-29 17:08:27 INFO  BroadcastProgram:20 - Adding elements
2022-03-29 17:37:00 INFO  Main:44 - Validate xml document
2022-04-05 14:17:59 INFO  Main:51 - Validate xml document
2022-04-05 14:17:59 INFO  BroadcastProgram:20 - Adding elements
2022-04-05 14:17:59 INFO  BroadcastProgram:20 - Adding elements
2022-04-05 14:17:59 INFO  BroadcastProgram:20 - Adding elements
2022-04-05 14:22:35 INFO  Main:51 - Validate xml document
2022-04-05 14:22:35 INFO  BroadcastProgram:20 - Adding elements
2022-04-05 14:22:35 INFO  BroadcastProgram:20 - Adding elements
2022-04-05 14:22:35 INFO  BroadcastProgram:20 - Adding elements
2022-04-05 14:23:36 INFO  Main:51 - Validate xml document
2022-04-05 14:23:36 INFO  BroadcastProgram:20 - Adding elements
2022-04-05 14:23:36 INFO  BroadcastProgram:20 - Adding elements
2022-04-05 14:23:36 INFO  BroadcastProgram:20 - Adding elements
2022-04-05 14:24:56 INFO  Main:51 - Validate xml document
2022-04-05 14:24:56 INFO  BroadcastProgram:20 - Adding elements
2022-04-05 14:24:56 INFO  BroadcastProgram:20 - Adding elements
2022-04-05 14:24:56 INFO  BroadcastProgram:20 - Adding elements
2022-04-05 14:25:43 INFO  Main:51 - Validate xml document
2022-04-05 14:25:43 INFO  BroadcastProgram:20 - Adding elements
2022-04-05 14:25:43 INFO  BroadcastProgram:20 - Adding elements
2022-04-05 14:25:43 INFO  BroadcastProgram:20 - Adding elements
2022-04-05 14:26:33 INFO  Main:51 - 
Validate xml document
2022-04-05 14:26:33 INFO  BroadcastProgram:20 - Adding elements
2022-04-05 14:26:33 INFO  BroadcastProgram:20 - Adding elements
2022-04-05 14:26:33 INFO  BroadcastProgram:20 - Adding elements
2022-04-05 14:28:24 INFO  Main:51 - Validate xml document

2022-04-05 14:28:24 INFO  BroadcastProgram:20 - Adding elements
2022-04-05 14:28:24 INFO  BroadcastProgram:20 - Adding elements
2022-04-05 14:28:24 INFO  BroadcastProgram:20 - Adding elements
2022-04-05 14:47:51 INFO  Main:50 - Validate xml document

2022-04-05 14:47:51 INFO  BroadcastProgram:20 - Adding elements
2022-04-05 14:47:51 INFO  BroadcastProgram:20 - Adding elements
2022-04-05 14:47:51 INFO  BroadcastProgram:20 - Adding elements
2022-04-05 14:47:51 INFO  BroadcastProgram:20 - Adding elements
2022-04-05 15:04:37 INFO  Main:50 - Validate xml document

2022-04-05 15:04:37 INFO  BroadcastProgram:20 - Adding elements
2022-04-05 15:04:37 INFO  BroadcastProgram:20 - Adding elements
2022-04-05 15:04:37 INFO  BroadcastProgram:20 - Adding elements
2022-04-05 15:04:37 INFO  BroadcastProgram:20 - Adding elements
2022-04-05 15:05:29 INFO  Main:50 - Validate xml document

2022-04-05 15:05:29 INFO  BroadcastProgram:20 - Adding elements
2022-04-05 15:05:29 INFO  BroadcastProgram:20 - Adding elements
2022-04-05 15:05:29 INFO  BroadcastProgram:20 - Adding elements
2022-04-05 15:05:29 INFO  BroadcastProgram:20 - Adding elements
2022-04-05 15:06:44 INFO  Main:50 - Validate xml document

2022-04-05 15:06:44 INFO  BroadcastProgram:20 - Adding elements
2022-04-05 15:06:44 INFO  BroadcastProgram:20 - Adding elements
2022-04-05 15:06:44 INFO  BroadcastProgram:20 - Adding elements
2022-04-05 15:06:44 INFO  BroadcastProgram:20 - Adding elements
2022-04-05 15:07:19 INFO  Main:50 - Validate xml document

2022-04-05 15:07:19 INFO  BroadcastProgram:20 - Adding elements
2022-04-05 15:07:19 INFO  BroadcastProgram:20 - Adding elements
2022-04-05 15:07:19 INFO  BroadcastProgram:20 - Adding elements
2022-04-05 15:07:19 INFO  BroadcastProgram:20 - Adding elements
2022-04-05 15:36:15 INFO  Main:50 - Validate xml document

2022-04-05 15:36:15 INFO  BroadcastProgram:20 - Adding elements
2022-04-05 15:36:15 INFO  BroadcastProgram:20 - Adding elements
2022-04-05 15:36:15 INFO  BroadcastProgram:20 - Adding elements
2022-04-05 15:36:15 INFO  BroadcastProgram:20 - Adding elements
2022-04-05 17:13:06 INFO  Main:50 - Validate xml document

2022-04-05 17:13:06 INFO  BroadcastProgram:20 - Adding elements
2022-04-05 17:13:06 INFO  BroadcastProgram:20 - Adding elements
2022-04-05 17:13:06 INFO  BroadcastProgram:20 - Adding elements
2022-04-05 17:13:06 INFO  BroadcastProgram:20 - Adding elements
